[debug] [2022-06-30T14:08:21.952Z] ----------------------------------------------------------------------
[debug] [2022-06-30T14:08:21.954Z] Command:       C:\Program Files\nodejs\node.exe C:\Users\burha\AppData\Roaming\npm\node_modules\firebase-tools\lib\bin\firebase.js init
[debug] [2022-06-30T14:08:21.954Z] CLI Version:   11.0.1
[debug] [2022-06-30T14:08:21.954Z] Platform:      win32
[debug] [2022-06-30T14:08:21.954Z] Node Version:  v16.13.1
[debug] [2022-06-30T14:08:21.961Z] Time:          Thu Jun 30 2022 20:08:21 GMT+0600 (Bangladesh Standard Time)
[debug] [2022-06-30T14:08:21.962Z] ----------------------------------------------------------------------
[debug] 
[debug] [2022-06-30T14:08:21.965Z] >>> [apiv2][query] GET https://firebase-public.firebaseio.com/cli.json [none]
[debug] [2022-06-30T14:08:21.986Z] > command requires scopes: ["email","openid","https://www.googleapis.com/auth/cloudplatformprojects.readonly","https://www.googleapis.com/auth/firebase","https://www.googleapis.com/auth/cloud-platform"]
[debug] [2022-06-30T14:08:21.986Z] > authorizing via signed-in user (arburhanar@gmail.com)
[info] 
     ######## #### ########  ######## ########     ###     ######  ########
     ##        ##  ##     ## ##       ##     ##  ##   ##  ##       ##
     ######    ##  ########  ######   ########  #########  ######  ######
     ##        ##  ##    ##  ##       ##     ## ##     ##       ## ##
     ##       #### ##     ## ######## ########  ##     ##  ######  ########

You're about to initialize a Firebase project in this directory:

  F:\Practice\Web-Development\To Do Task\To Do

[debug] [2022-06-30T14:08:22.931Z] <<< [apiv2][status] GET https://firebase-public.firebaseio.com/cli.json 200
[debug] [2022-06-30T14:08:22.932Z] <<< [apiv2][body] GET https://firebase-public.firebaseio.com/cli.json {"cloudBuildErrorAfter":1594252800000,"cloudBuildWarnAfter":1590019200000,"defaultNode10After":1594252800000,"minVersion":"3.0.5","node8DeploysDisabledAfter":1613390400000,"node8RuntimeDisabledAfter":1615809600000,"node8WarnAfter":1600128000000}
[debug] [2022-06-30T14:08:35.344Z] Error: kill ENOSYS
    at process.kill (node:internal/process/per_thread:215:13)
    at process.listener (C:\Users\burha\AppData\Roaming\npm\node_modules\firebase-tools\node_modules\signal-exit\index.js:95:15)
    at process.emit (node:events:390:28)
[error] 
[error] Error: An unexpected error has occurred.
